error: 04-10-2020 21:51:08 // The error was caught in "unhandledRejection" or "uncaughtException" // message - 
error: 04-10-2020 21:52:07 // The error was caught in "unhandledRejection" or "uncaughtException" // message - 
error: 04-10-2020 21:53:14 // The error was caught in "unhandledRejection" or "uncaughtException" // message - User.toResponse is not a function
error: 04-10-2020 21:54:03 // The error was caught in "unhandledRejection" or "uncaughtException" // message - User.toResponse is not a function
error: 04-10-2020 21:54:08 // The error was caught in "unhandledRejection" or "uncaughtException" // message - User.toResponse is not a function
error: 04-10-2020 21:54:13 // The error was caught in "unhandledRejection" or "uncaughtException" // message - User.toResponse is not a function
error: 04-10-2020 21:54:18 // The error was caught in "unhandledRejection" or "uncaughtException" // message - User.toResponse is not a function
error: 04-10-2020 21:54:23 // The error was caught in "unhandledRejection" or "uncaughtException" // message - User.toResponse is not a function
error: 04-10-2020 22:26:29 // status - 404 // message - User not found  // url - http://localhost:4000/users/undefined // query - {} // body - {}
error: 04-10-2020 22:29:26 // status - 404 // message - User not found  // url - http://localhost:4000/users/undefined // query - {} // body - {}
error: 04-10-2020 22:35:07 // status - 404 // message - User not found  // url - http://localhost:4000/users/3fab67f2-ea1f-4d3f-9b31-1090fdfbaabb // query - {} // body - {}
error: 04-10-2020 22:35:08 // status - 404 // message - User not found  // url - http://localhost:4000/users/565d261f-7052-4a1b-99fd-9d70d9ef2295 // query - {} // body - {}
error: 04-10-2020 22:35:26 // status - 404 // message - User not found  // url - http://localhost:4000/users/3446e004-bad1-4a77-a6ae-075a2c319b26 // query - {} // body - {}
error: 04-10-2020 22:35:26 // status - 404 // message - User not found  // url - http://localhost:4000/users/5c45c8e6-3c1d-4622-bb88-6cd4059d5079 // query - {} // body - {}
error: 04-10-2020 22:55:19 // status - undefined // message - Cast to string failed for value "{ id: '8819047d-6868-4f4e-b8d2-026197c5c852' }" at path "_id" for model "User"  // url - http://localhost:4000/users/8819047d-6868-4f4e-b8d2-026197c5c852 // query - {} // body - {}
error: 04-10-2020 22:55:19 // status - undefined // message - Cast to string failed for value "{ id: '88c93355-6019-4817-a1d3-2660d73c03b6' }" at path "_id" for model "User"  // url - http://localhost:4000/users/88c93355-6019-4817-a1d3-2660d73c03b6 // query - {} // body - {}
error: 04-10-2020 22:55:46 // status - undefined // message - Cast to string failed for value "{ id: '54e12720-35a5-4433-b1cb-d7daa06953ea' }" at path "_id" for model "User"  // url - http://localhost:4000/users/54e12720-35a5-4433-b1cb-d7daa06953ea // query - {} // body - {}
error: 04-10-2020 22:55:46 // status - undefined // message - Cast to string failed for value "{ id: 'ac0ec7e1-5c86-4073-ac77-a5538448449c' }" at path "_id" for model "User"  // url - http://localhost:4000/users/ac0ec7e1-5c86-4073-ac77-a5538448449c // query - {} // body - {}
error: 04-10-2020 22:56:34 // status - undefined // message - Cast to string failed for value "{ id: '6393eb18-df2d-4902-ab04-65bf9f2d9968' }" at path "_id" for model "User"  // url - http://localhost:4000/users/6393eb18-df2d-4902-ab04-65bf9f2d9968 // query - {} // body - {}
error: 04-10-2020 22:56:34 // status - undefined // message - Cast to string failed for value "{ id: '269b59da-c3f1-45f3-8d3e-825b3199fdc7' }" at path "_id" for model "User"  // url - http://localhost:4000/users/269b59da-c3f1-45f3-8d3e-825b3199fdc7 // query - {} // body - {}
error: 04-10-2020 22:58:52 // status - undefined // message - Cast to string failed for value "{ id: 'e6e22c51-952f-4d53-bf97-57a679debaf7' }" at path "_id" for model "User"  // url - http://localhost:4000/users/e6e22c51-952f-4d53-bf97-57a679debaf7 // query - {} // body - {}
error: 04-10-2020 22:58:52 // status - undefined // message - Cast to string failed for value "{ id: 'dd871263-939b-4782-9435-117214ee4164' }" at path "_id" for model "User"  // url - http://localhost:4000/users/dd871263-939b-4782-9435-117214ee4164 // query - {} // body - {}
error: 04-10-2020 22:59:06 // status - undefined // message - Cast to string failed for value "{ id: '90907a94-fb30-4c87-b33d-3bd00d9eb688' }" at path "_id" for model "User"  // url - http://localhost:4000/users/90907a94-fb30-4c87-b33d-3bd00d9eb688 // query - {} // body - {}
error: 04-10-2020 22:59:06 // status - undefined // message - Cast to string failed for value "{ id: '8fb89087-d4a3-4adf-a5b9-d0b642b85a36' }" at path "_id" for model "User"  // url - http://localhost:4000/users/8fb89087-d4a3-4adf-a5b9-d0b642b85a36 // query - {} // body - {}
error: 04-10-2020 23:00:13 // status - 404 // message - User not found  // url - http://localhost:4000/users/7b36d812-ec4b-4726-b9b8-1cb1328a2207 // query - {} // body - {}
error: 04-10-2020 23:00:13 // status - 404 // message - User not found  // url - http://localhost:4000/users/3a1209ed-3430-418b-b48b-bef772b762b7 // query - {} // body - {}
error: 04-10-2020 23:07:37 // status - undefined // message - Cast to string failed for value "{ id: '104b45dc-1c70-4f3a-81fb-0f55399c38e3' }" at path "_id" for model "User"  // url - http://localhost:4000/users/104b45dc-1c70-4f3a-81fb-0f55399c38e3 // query - {} // body - {}
error: 04-10-2020 23:07:37 // status - undefined // message - Cast to string failed for value "{ id: '10bfd0ca-c81b-4214-a8dd-1890ab4aad32' }" at path "_id" for model "User"  // url - http://localhost:4000/users/10bfd0ca-c81b-4214-a8dd-1890ab4aad32 // query - {} // body - {}
error: 04-10-2020 23:08:47 // status - undefined // message - Cast to string failed for value "{ id: '42c30487-6780-4c08-bcb3-670074fe9784' }" at path "_id" for model "User"  // url - http://localhost:4000/users/42c30487-6780-4c08-bcb3-670074fe9784 // query - {} // body - {}
error: 04-10-2020 23:08:47 // status - undefined // message - Cast to string failed for value "{ id: 'b4518769-fde6-4cbd-b968-e2f41743cb4e' }" at path "_id" for model "User"  // url - http://localhost:4000/users/b4518769-fde6-4cbd-b968-e2f41743cb4e // query - {} // body - {}
error: 04-10-2020 23:09:52 // status - undefined // message - Cast to string failed for value "{ id: undefined }" at path "_id" for model "User"  // url - http://localhost:4000/users/b42d079e-2fce-490a-95b8-0161710c7045 // query - {} // body - {}
error: 04-10-2020 23:09:52 // status - undefined // message - Cast to string failed for value "{ id: undefined }" at path "_id" for model "User"  // url - http://localhost:4000/users/bffae12a-41ef-41d8-a241-cf121f7d7bd9 // query - {} // body - {}
error: 04-10-2020 23:10:28 // status - undefined // message - Cast to string failed for value "{ id: '8ee8883e-66b0-4cd9-be28-ea2fa973ab38' }" at path "_id" for model "User"  // url - http://localhost:4000/users/8ee8883e-66b0-4cd9-be28-ea2fa973ab38 // query - {} // body - {}
error: 04-10-2020 23:10:49 // status - undefined // message - Cast to string failed for value "{ id: '838aa442-cbed-43cf-9ad9-dc03ad468e13' }" at path "_id" for model "User"  // url - http://localhost:4000/users/838aa442-cbed-43cf-9ad9-dc03ad468e13 // query - {} // body - {}
error: 04-10-2020 23:12:11 // status - undefined // message - Cast to string failed for value "{ id: '987e4056-25b7-46f7-af75-c0b360e72c8b' }" at path "_id" for model "User"  // url - http://localhost:4000/users/987e4056-25b7-46f7-af75-c0b360e72c8b // query - {} // body - {}
error: 04-10-2020 23:13:15 // status - undefined // message - Cast to string failed for value "{ id: undefined }" at path "_id" for model "User"  // url - http://localhost:4000/users/811f7bee-606d-42f2-868f-db1290043bb4 // query - {} // body - {}
error: 04-10-2020 23:13:43 // status - undefined // message - Cast to string failed for value "{ id: undefined }" at path "_id" for model "User"  // url - http://localhost:4000/users/811f7bee-606d-42f2-868f-db1290043bb4 // query - {} // body - {}
error: 04-10-2020 23:14:02 // status - undefined // message - Cast to string failed for value "{ id: undefined }" at path "_id" for model "User"  // url - http://localhost:4000/users/811f7bee-606d-42f2-868f-db1290043bb4 // query - {} // body - {}
error: 04-10-2020 23:14:34 // status - undefined // message - Cast to string failed for value "{ id: '811f7bee-606d-42f2-868f-db1290043bb4' }" at path "_id" for model "User"  // url - http://localhost:4000/users/811f7bee-606d-42f2-868f-db1290043bb4 // query - {} // body - {}
error: 04-10-2020 23:19:05 // status - undefined // message - Cast to ObjectId failed for value "{ id: '5f9097b86c70455dd407cc9d' }" at path "_id" for model "User"  // url - http://localhost:4000/users/5f9097b86c70455dd407cc9d // query - {} // body - {}
error: 04-10-2020 23:19:05 // status - undefined // message - Cast to ObjectId failed for value "{ id: '5f9097b96c70455dd407cc9f' }" at path "_id" for model "User"  // url - http://localhost:4000/users/5f9097b96c70455dd407cc9f // query - {} // body - {}
error: 04-10-2020 23:19:47 // The error was caught in "unhandledRejection" or "uncaughtException" // message - listen EADDRINUSE: address already in use :::4000
error: 04-10-2020 23:19:51 // The error was caught in "unhandledRejection" or "uncaughtException" // message - listen EADDRINUSE: address already in use :::4000
error: 04-10-2020 23:20:13 // The error was caught in "unhandledRejection" or "uncaughtException" // message - listen EADDRINUSE: address already in use :::4000
error: 04-10-2020 23:21:51 // status - undefined // message - Cast to string failed for value "{ id: '57ac27df-79a2-4e23-ab66-bd7e3ed3da53' }" at path "_id" for model "User"  // url - http://localhost:4000/users/57ac27df-79a2-4e23-ab66-bd7e3ed3da53 // query - {} // body - {}
error: 04-10-2020 23:21:51 // status - undefined // message - Cast to string failed for value "{ id: '69623f81-8741-48af-b690-150bbcbf3840' }" at path "_id" for model "User"  // url - http://localhost:4000/users/69623f81-8741-48af-b690-150bbcbf3840 // query - {} // body - {}
error: 04-10-2020 23:25:44 // status - undefined // message - Cast to string failed for value "{ id: 'undefined' }" at path "_id" for model "User"  // url - http://localhost:4000/users/undefined // query - {} // body - {}
error: 04-10-2020 23:26:02 // status - undefined // message - Cast to string failed for value "{ id: '9f34aad4-d798-444a-bfb3-8074fb06ac93' }" at path "_id" for model "User"  // url - http://localhost:4000/users/9f34aad4-d798-444a-bfb3-8074fb06ac93 // query - {} // body - {}
error: 04-10-2020 23:26:02 // status - undefined // message - Cast to string failed for value "{ id: '4d88f40f-c701-4500-9e05-b0c9a0c2e1f5' }" at path "_id" for model "User"  // url - http://localhost:4000/users/4d88f40f-c701-4500-9e05-b0c9a0c2e1f5 // query - {} // body - {}
error: 04-10-2020 23:33:06 // status - undefined // message - Cast to string failed for value "{ id: 'aa9545b5-3e38-4b0b-a81a-8392e7f2d9c6' }" at path "_id" for model "User"  // url - http://localhost:4000/users/aa9545b5-3e38-4b0b-a81a-8392e7f2d9c6 // query - {} // body - {}
error: 04-10-2020 23:33:06 // status - undefined // message - Cast to string failed for value "{ id: '4f8b1eb6-990a-4407-97e7-8c12d1e63a8d' }" at path "_id" for model "User"  // url - http://localhost:4000/users/4f8b1eb6-990a-4407-97e7-8c12d1e63a8d // query - {} // body - {}
error: 04-10-2020 23:37:30 // status - undefined // message - Cast to string failed for value "{ id: '9da17790-ea4e-4008-8410-e20fec03f990' }" at path "_id" for model "User"  // url - http://localhost:4000/users/9da17790-ea4e-4008-8410-e20fec03f990 // query - {} // body - {}
error: 04-10-2020 23:37:30 // status - undefined // message - Cast to string failed for value "{ id: '9670f046-4cef-4334-85f9-795497914b9e' }" at path "_id" for model "User"  // url - http://localhost:4000/users/9670f046-4cef-4334-85f9-795497914b9e // query - {} // body - {}
error: 04-10-2020 23:37:47 // status - undefined // message - Cast to string failed for value "{ id: 'df1ec8d2-99f2-4db3-acfd-6d630e1e9085' }" at path "_id" for model "User"  // url - http://localhost:4000/users/df1ec8d2-99f2-4db3-acfd-6d630e1e9085 // query - {} // body - {}
error: 04-10-2020 23:37:48 // status - undefined // message - Cast to string failed for value "{ id: 'a58735a4-bf3c-4e75-9bda-c71252853052' }" at path "_id" for model "User"  // url - http://localhost:4000/users/a58735a4-bf3c-4e75-9bda-c71252853052 // query - {} // body - {}
error: 04-10-2020 23:39:52 // status - CastError: Cast to string failed for value "{ id: 'd59cc6b2-cc54-47c6-bb54-381dcebf6ebb' }" at path "_id" for model "User" // message - Cast to string failed for value "{ id: 'd59cc6b2-cc54-47c6-bb54-381dcebf6ebb' }" at path "_id" for model "User"  // url - http://localhost:4000/users/d59cc6b2-cc54-47c6-bb54-381dcebf6ebb // query - {} // body - {}
error: 04-10-2020 23:39:52 // status - CastError: Cast to string failed for value "{ id: '23be71f4-9c05-44d9-9710-3b6572bdcaac' }" at path "_id" for model "User" // message - Cast to string failed for value "{ id: '23be71f4-9c05-44d9-9710-3b6572bdcaac' }" at path "_id" for model "User"  // url - http://localhost:4000/users/23be71f4-9c05-44d9-9710-3b6572bdcaac // query - {} // body - {}
error: 04-10-2020 23:42:31 // status - 404 // message - User not found  // url - http://localhost:4000/users/0f0a3450-2287-4caf-8eb3-17734a728b63 // query - {} // body - {}
error: 04-10-2020 23:42:31 // status - 404 // message - User not found  // url - http://localhost:4000/users/4f8b30f4-a10a-46fe-ac5b-486620418772 // query - {} // body - {}
error: 04-10-2020 23:47:09 // The error was caught in "unhandledRejection" or "uncaughtException" // message - E11000 duplicate key error collection: rest.users index: _id_ dup key: { _id: "c2bbdaab-a318-4440-a96d-52eef1983c57" }
error: 04-10-2020 23:47:20 // The error was caught in "unhandledRejection" or "uncaughtException" // message - E11000 duplicate key error collection: rest.users index: _id_ dup key: { _id: "96e2ecde-2575-4788-8433-08bbb8ed6dc2" }
error: 04-10-2020 23:51:51 // status - CastError: Cast to string failed for value "{ id: '7cde7b67-036d-4278-81d6-0abc60bf4d18' }" at path "_id" for model "User" // message - Cast to string failed for value "{ id: '7cde7b67-036d-4278-81d6-0abc60bf4d18' }" at path "_id" for model "User"  // url - http://localhost:4000/users/7cde7b67-036d-4278-81d6-0abc60bf4d18 // query - {} // body - {}
error: 04-10-2020 23:51:51 // status - CastError: Cast to string failed for value "{ id: '8b3e2805-543f-461d-ae9e-21c19a2b2f21' }" at path "_id" for model "User" // message - Cast to string failed for value "{ id: '8b3e2805-543f-461d-ae9e-21c19a2b2f21' }" at path "_id" for model "User"  // url - http://localhost:4000/users/8b3e2805-543f-461d-ae9e-21c19a2b2f21 // query - {} // body - {}
error: 04-10-2020 23:55:35 // The error was caught in "unhandledRejection" or "uncaughtException" // message - User validation failed: _id: Cast to string failed for value "{}" at path "_id"
error: 05-10-2020 00:00:21 // status - CastError: Cast to string failed for value "{ id: '2bc225df-f72e-41d6-a4a1-e0908958864c' }" at path "_id" for model "User" // message - Cast to string failed for value "{ id: '2bc225df-f72e-41d6-a4a1-e0908958864c' }" at path "_id" for model "User"  // url - http://localhost:4000/users/2bc225df-f72e-41d6-a4a1-e0908958864c // query - {} // body - {}
error: 05-10-2020 00:00:21 // status - CastError: Cast to string failed for value "{ id: 'd9d5552e-ed4f-45d0-994e-8cc851510158' }" at path "_id" for model "User" // message - Cast to string failed for value "{ id: 'd9d5552e-ed4f-45d0-994e-8cc851510158' }" at path "_id" for model "User"  // url - http://localhost:4000/users/d9d5552e-ed4f-45d0-994e-8cc851510158 // query - {} // body - {}
error: 05-10-2020 00:01:18 // status - CastError: Cast to string failed for value "{ id: '55af1c72-d346-474c-9c3a-b19534f7f840' }" at path "_id" for model "User" // message - Cast to string failed for value "{ id: '55af1c72-d346-474c-9c3a-b19534f7f840' }" at path "_id" for model "User"  // url - http://localhost:4000/users/55af1c72-d346-474c-9c3a-b19534f7f840 // query - {} // body - {}
error: 05-10-2020 00:01:18 // status - CastError: Cast to string failed for value "{ id: '69fc2bd0-4280-46a5-94c8-0bda452a5a7a' }" at path "_id" for model "User" // message - Cast to string failed for value "{ id: '69fc2bd0-4280-46a5-94c8-0bda452a5a7a' }" at path "_id" for model "User"  // url - http://localhost:4000/users/69fc2bd0-4280-46a5-94c8-0bda452a5a7a // query - {} // body - {}
error: 05-10-2020 00:04:55 // status - 404 // message - User not found  // url - http://localhost:4000/users/%7B%20type:%20%27495f74aa-2a5e-4196-8fd1-2d6dc6463a68%27%20%7D // query - {} // body - {}
error: 05-10-2020 00:04:55 // status - 404 // message - User not found  // url - http://localhost:4000/users/%7B%20type:%20%279e52be5d-48e1-45e8-8eab-ab20fcfc05e9%27%20%7D // query - {} // body - {}
error: 05-10-2020 00:06:52 // status - 404 // message - User not found  // url - http://localhost:4000/users/%7B%20type:%20%2797b3da86-d08f-4dee-bac1-07793a5a6540%27%20%7D // query - {} // body - {}
error: 05-10-2020 00:07:11 // status - 404 // message - User not found  // url - http://localhost:4000/users/d6917875-744e-4dfa-a9d7-b6786fcd7b7b // query - {} // body - {}
error: 05-10-2020 00:08:27 // status - 404 // message - User not found  // url - http://localhost:4000/users/%7B%20type:%20%27c9afa2d3-12e3-451f-99e7-8727d246accd%27%20%7D // query - {} // body - {}
error: 05-10-2020 00:08:27 // status - 404 // message - User not found  // url - http://localhost:4000/users/%7B%20type:%20%2737eda7b5-c7ae-495f-a74b-9f3b814c21f3%27%20%7D // query - {} // body - {}
error: 05-10-2020 00:09:14 // status - 404 // message - User not found  // url - http://localhost:4000/users/d6917875-744e-4dfa-a9d7-b6786fcd7b7b // query - {} // body - {}
error: 05-10-2020 00:09:33 // status - 404 // message - User not found  // url - http://localhost:4000/users/d6917875-744e-4dfa-a9d7-b6786fcd7b7b // query - {} // body - {}
error: 05-10-2020 00:10:24 // status - 404 // message - User not found  // url - http://localhost:4000/users/%7B%20type:%20%27d590b5b4-82bc-4897-b7b8-8c8ea8eb4d5d%27%20%7D // query - {} // body - {}
error: 05-10-2020 00:10:24 // status - 404 // message - User not found  // url - http://localhost:4000/users/%7B%20type:%20%2799ba8606-1d90-4246-a15a-8abcb1b89910%27%20%7D // query - {} // body - {}
error: 05-10-2020 00:10:33 // status - 404 // message - User not found  // url - http://localhost:4000/users/d6917875-744e-4dfa-a9d7-b6786fcd7b7b // query - {} // body - {}
error: 05-10-2020 00:11:10 // status - 404 // message - User not found  // url - http://localhost:4000/users/09ea2791-dc9d-4f64-8c9b-b8eeabe33f3f // query - {} // body - {}
error: 05-10-2020 00:33:14 // status - ObjectParameterError: Parameter "filter" to findOne() must be an object, got 96426780-fb88-4ca1-b328-7a28a4221eea // message - Parameter "filter" to findOne() must be an object, got 96426780-fb88-4ca1-b328-7a28a4221eea  // url - http://localhost:4000/users/96426780-fb88-4ca1-b328-7a28a4221eea // query - {} // body - {}
error: 05-10-2020 00:33:50 // status - ObjectParameterError: Parameter "filter" to findOne() must be an object, got b0b916f0-89c6-4af8-be33-66a38f82b455 // message - Parameter "filter" to findOne() must be an object, got b0b916f0-89c6-4af8-be33-66a38f82b455  // url - http://localhost:4000/users/b0b916f0-89c6-4af8-be33-66a38f82b455 // query - {} // body - {}
error: 05-10-2020 17:39:59 // status - 404 // message - Board not found  // url - http://localhost:4000/boards/ce8ff2be-cdb7-4cf8-b0fa-e9098f8d2cab // query - {} // body - {}
error: 05-10-2020 17:39:59 // status - 404 // message - Task not found  // url - http://localhost:4000/boards/8b7cdf50-bf50-44bc-b712-55e68b55f101/tasks/6662401d-c16c-4ca9-a2cb-b3ac93b5118b // query - {} // body - {}
error: 05-10-2020 17:39:59 // status - 404 // message - Task not found  // url - http://localhost:4000/boards/8b7cdf50-bf50-44bc-b712-55e68b55f101/tasks/8ab9a5a2-cc6d-4be8-aa01-31f58eb4e832 // query - {} // body - {}
error: 05-10-2020 17:39:59 // status - 404 // message - Task not found  // url - http://localhost:4000/boards/8b7cdf50-bf50-44bc-b712-55e68b55f101/tasks/54e0438f-0d21-4a94-ada9-3454931d0b12 // query - {} // body - {}
error: 05-10-2020 17:39:59 // status - 404 // message - Task not found  // url - http://localhost:4000/boards/8b7cdf50-bf50-44bc-b712-55e68b55f101/tasks/5420b95e-a0d3-4a07-aa21-04fc3e385672 // query - {} // body - {}
error: 05-10-2020 17:39:59 // status - 404 // message - Task not found  // url - http://localhost:4000/boards/8b7cdf50-bf50-44bc-b712-55e68b55f101/tasks/fe31e56a-e727-4c0b-ad17-074c93a76424 // query - {} // body - {}
error: 05-10-2020 17:39:59 // status - 404 // message - Task not found  // url - http://localhost:4000/boards/600dcd59-8395-47fd-982a-4c8e29a8d593/tasks/eb5faad4-bff9-40a8-b227-1f0aa2bc6a5b // query - {} // body - {}
error: 05-10-2020 21:54:12 // The error was caught in "unhandledRejection" or "uncaughtException" // message - User.toResponse is not a function
error: 06-10-2020 10:07:39 // status - CastError: Cast to ObjectId failed for value "undefined" at path "_id" for model "Task" // message - Cast to ObjectId failed for value "undefined" at path "_id" for model "Task"  // url - http://localhost:4000/boards/52c0cc5b-4946-4b68-bdd8-630a66fe6627/tasks/undefined // query - {} // body - {}
error: 06-10-2020 10:07:51 // The error was caught in "unhandledRejection" or "uncaughtException" // message - Cast to ObjectId failed for value "e7e16ed5-b7ff-408f-994f-577ab74a2a4b" at path "_id" for model "Task"
error: 06-10-2020 10:09:20 // The error was caught in "unhandledRejection" or "uncaughtException" // message - Cast to ObjectId failed for value "fcfca6ee-3f0d-40f9-bf83-8dd8b86e3e8d" at path "_id" for model "Task"
error: 06-10-2020 10:09:25 // The error was caught in "unhandledRejection" or "uncaughtException" // message - Cast to ObjectId failed for value "fcfca6ee-3f0d-40f9-bf83-8dd8b86e3e8d" at path "_id" for model "Task"
error: 06-10-2020 10:09:30 // The error was caught in "unhandledRejection" or "uncaughtException" // message - Cast to ObjectId failed for value "undefined" at path "_id" for model "Task"
error: 06-10-2020 10:09:35 // status - CastError: Cast to ObjectId failed for value "undefined" at path "_id" for model "Task" // message - Cast to ObjectId failed for value "undefined" at path "_id" for model "Task"  // url - http://localhost:4000/boards/fcfca6ee-3f0d-40f9-bf83-8dd8b86e3e8d/tasks/undefined // query - {} // body - {}
error: 06-10-2020 10:23:20 // status - CastError: Cast to ObjectId failed for value "undefined" at path "_id" for model "Board" // message - Cast to ObjectId failed for value "undefined" at path "_id" for model "Board"  // url - http://localhost:4000/boards/undefined // query - {} // body - {}
error: 06-10-2020 10:23:20 // The error was caught in "unhandledRejection" or "uncaughtException" // message - Cast to ObjectId failed for value "undefined" at path "_id" for model "Board"
error: 06-10-2020 10:23:25 // The error was caught in "unhandledRejection" or "uncaughtException" // message - Cast to ObjectId failed for value "undefined" at path "_id" for model "Board"
error: 06-10-2020 10:23:30 // status - CastError: Cast to ObjectId failed for value "undefined" at path "_id" for model "Task" // message - Cast to ObjectId failed for value "undefined" at path "_id" for model "Task"  // url - http://localhost:4000/boards/undefined/tasks/undefined // query - {} // body - {}
error: 06-10-2020 10:23:30 // status - CastError: Cast to ObjectId failed for value "undefined" at path "_id" for model "Task" // message - Cast to ObjectId failed for value "undefined" at path "_id" for model "Task"  // url - http://localhost:4000/boards/undefined/tasks/undefined // query - {} // body - {}
error: 06-10-2020 10:23:30 // status - CastError: Cast to ObjectId failed for value "undefined" at path "_id" for model "Task" // message - Cast to ObjectId failed for value "undefined" at path "_id" for model "Task"  // url - http://localhost:4000/boards/undefined/tasks/undefined // query - {} // body - {}
error: 06-10-2020 10:23:30 // status - CastError: Cast to ObjectId failed for value "undefined" at path "_id" for model "Task" // message - Cast to ObjectId failed for value "undefined" at path "_id" for model "Task"  // url - http://localhost:4000/boards/undefined/tasks/undefined // query - {} // body - {}
error: 06-10-2020 10:23:30 // status - CastError: Cast to ObjectId failed for value "undefined" at path "_id" for model "Task" // message - Cast to ObjectId failed for value "undefined" at path "_id" for model "Task"  // url - http://localhost:4000/boards/undefined/tasks/undefined // query - {} // body - {}
error: 06-10-2020 10:23:30 // The error was caught in "unhandledRejection" or "uncaughtException" // message - Cast to ObjectId failed for value "undefined" at path "_id" for model "Board"
error: 06-10-2020 10:31:20 // status - 404 // message - Board not found  // url - http://localhost:4000/boards/5f9286c8c79cd52d9c3c4e26 // query - {} // body - {}
error: 06-10-2020 10:31:21 // status - CastError: Cast to ObjectId failed for value "undefined" at path "_id" for model "Task" // message - Cast to ObjectId failed for value "undefined" at path "_id" for model "Task"  // url - http://localhost:4000/boards/5f9286c8c79cd52d9c3c4e29/tasks/undefined // query - {} // body - {}
error: 06-10-2020 10:31:21 // status - CastError: Cast to ObjectId failed for value "undefined" at path "_id" for model "Task" // message - Cast to ObjectId failed for value "undefined" at path "_id" for model "Task"  // url - http://localhost:4000/boards/5f9286c8c79cd52d9c3c4e29/tasks/undefined // query - {} // body - {}
error: 06-10-2020 10:31:21 // status - CastError: Cast to ObjectId failed for value "undefined" at path "_id" for model "Task" // message - Cast to ObjectId failed for value "undefined" at path "_id" for model "Task"  // url - http://localhost:4000/boards/5f9286c8c79cd52d9c3c4e29/tasks/undefined // query - {} // body - {}
error: 06-10-2020 10:31:21 // status - CastError: Cast to ObjectId failed for value "undefined" at path "_id" for model "Task" // message - Cast to ObjectId failed for value "undefined" at path "_id" for model "Task"  // url - http://localhost:4000/boards/5f9286c8c79cd52d9c3c4e29/tasks/undefined // query - {} // body - {}
error: 06-10-2020 10:31:21 // status - CastError: Cast to ObjectId failed for value "undefined" at path "_id" for model "Task" // message - Cast to ObjectId failed for value "undefined" at path "_id" for model "Task"  // url - http://localhost:4000/boards/5f9286c8c79cd52d9c3c4e29/tasks/undefined // query - {} // body - {}
error: 06-10-2020 10:35:52 // status - 404 // message - Board not found  // url - http://localhost:4000/boards/5f9287d89c822230c92f5ef4 // query - {} // body - {}
error: 06-10-2020 10:35:58 // The error was caught in "unhandledRejection" or "uncaughtException" // message - Performing an update on the path '_id' would modify the immutable field '_id'
error: 06-10-2020 10:36:03 // status - 404 // message - Task not found  // url - http://localhost:4000/boards/5f9287de9c822230c92f5eff/tasks/5f9287de9c822230c92f5f02 // query - {} // body - {}
error: 06-10-2020 10:36:33 // The error was caught in "unhandledRejection" or "uncaughtException" // message - Performing an update on the path '_id' would modify the immutable field '_id'
error: 06-10-2020 10:36:38 // status - 404 // message - Task not found  // url - http://localhost:4000/boards/5f9288009c822230c92f5f06/tasks/5f9288019c822230c92f5f09 // query - {} // body - {}
error: 06-10-2020 10:40:46 // The error was caught in "unhandledRejection" or "uncaughtException" // message - Performing an update on the path '_id' would modify the immutable field '_id'
error: 06-10-2020 10:40:51 // status - 404 // message - Task not found  // url - http://localhost:4000/boards/5f9288fdda7d7f320f702778/tasks/5f9288fdda7d7f320f70277b // query - {} // body - {}
error: 06-10-2020 10:43:19 // The error was caught in "unhandledRejection" or "uncaughtException" // message - Performing an update on the path '_id' would modify the immutable field '_id'
error: 06-10-2020 10:43:24 // status - 404 // message - Task not found  // url - http://localhost:4000/boards/5f9289968778463266ba2161/tasks/5f9289968778463266ba2164 // query - {} // body - {}
error: 06-10-2020 10:43:24 // status - 404 // message - Board not found  // url - http://localhost:4000/boards/5f92899c8778463266ba2176 // query - {} // body - {}
error: 07-10-2020 22:15:50 // The error was caught in "unhandledRejection" or "uncaughtException" // message - Performing an update on the path '_id' would modify the immutable field '_id'
error: 07-10-2020 22:15:55 // status - 404 // message - Task not found  // url - http://localhost:4000/boards/5f947d660255be19e91687f5/tasks/5f947d660255be19e91687f8 // query - {} // body - {}
error: 07-10-2020 22:24:31 // The error was caught in "unhandledRejection" or "uncaughtException" // message - Performing an update on the path '_id' would modify the immutable field '_id'
error: 07-10-2020 22:24:36 // status - 404 // message - Task not found  // url - http://localhost:4000/boards/5f947f6eb4e6e71def08cda8/tasks/5f947f6eb4e6e71def08cdab // query - {} // body - {}
error: 07-10-2020 22:25:58 // The error was caught in "unhandledRejection" or "uncaughtException" // message - Performing an update on the path '_id' would modify the immutable field '_id'
error: 07-10-2020 22:26:03 // status - 404 // message - Task not found  // url - http://localhost:4000/boards/5f947fc6df21e61e41071bd2/tasks/5f947fc6df21e61e41071bd5 // query - {} // body - {}
error: 07-10-2020 22:26:17 // The error was caught in "unhandledRejection" or "uncaughtException" // message - Cast to ObjectId failed for value "undefined" at path "_id" for model "Task"
error: 07-10-2020 22:26:22 // status - CastError: Cast to ObjectId failed for value "undefined" at path "_id" for model "Task" // message - Cast to ObjectId failed for value "undefined" at path "_id" for model "Task"  // url - http://localhost:4000/boards/5f947fd9e5605c1e88cba387/tasks/undefined // query - {} // body - {}
error: 07-10-2020 22:28:10 // The error was caught in "unhandledRejection" or "uncaughtException" // message - Performing an update on the path '_id' would modify the immutable field '_id'
error: 07-10-2020 22:28:15 // status - 404 // message - Task not found  // url - http://localhost:4000/boards/5f948049f473d61f580b43b9/tasks/5f948049f473d61f580b43bc // query - {} // body - {}
error: 07-10-2020 22:28:35 // The error was caught in "unhandledRejection" or "uncaughtException" // message - Performing an update on the path '_id' would modify the immutable field '_id'
error: 07-10-2020 22:28:40 // status - 404 // message - Task not found  // url - http://localhost:4000/boards/5f9480633707971fa1a09394/tasks/5f9480633707971fa1a09397 // query - {} // body - {}
error: 07-10-2020 22:29:52 // The error was caught in "unhandledRejection" or "uncaughtException" // message - Performing an update on the path '_id' would modify the immutable field '_id'
error: 07-10-2020 22:29:57 // status - 404 // message - Task not found  // url - http://localhost:4000/boards/5f9480afc2bf861fee15bbf9/tasks/5f9480afc2bf861fee15bbfc // query - {} // body - {}
error: 07-10-2020 22:30:35 // The error was caught in "unhandledRejection" or "uncaughtException" // message - Performing an update on the path '_id' would modify the immutable field '_id'
error: 07-10-2020 22:30:40 // status - 404 // message - Task not found  // url - http://localhost:4000/boards/5f9480da1222032052b43f95/tasks/5f9480da1222032052b43f98 // query - {} // body - {}
error: 07-10-2020 22:36:35 // status - 404 // message - Task not found  // url - http://localhost:4000/boards/5f948242fdcaaf24544a27d0/tasks/5f948242fdcaaf24544a27d3 // query - {} // body - {}
error: 07-10-2020 22:36:48 // The error was caught in "unhandledRejection" or "uncaughtException" // message - Performing an update on the path '_id' would modify the immutable field '_id'
error: 07-10-2020 22:36:53 // status - 404 // message - Task not found  // url - http://localhost:4000/boards/5f94824f366ac724930537e1/tasks/5f94824f366ac724930537e4 // query - {} // body - {}
error: 07-10-2020 22:38:01 // status - 404 // message - Task not found  // url - http://localhost:4000/boards/5f9482981322bb25059f7c44/tasks/5f9482991322bb25059f7c47 // query - {} // body - {}
error: 07-10-2020 22:38:11 // status - 404 // message - Board not found  // url - http://localhost:4000/boards/5f9482a31322bb25059f7c59 // query - {} // body - {}
error: 07-10-2020 22:38:13 // status - 404 // message - Task not found  // url - http://localhost:4000/boards/5f9482a41322bb25059f7c64/tasks/5f9482a41322bb25059f7c67 // query - {} // body - {}
error: 07-10-2020 22:40:11 // status - 404 // message - Task not found  // url - http://localhost:4000/boards/5f94831ab5998625d3aec912/tasks/5f94831bb5998625d3aec915 // query - {} // body - {}
error: 07-10-2020 22:42:00 // status - 404 // message - Task not found  // url - http://localhost:4000/boards/5f9483873434f5264ec5fc4d/tasks/5f9483873434f5264ec5fc50 // query - {} // body - {}
