http: 01-10-2020 20:48:41 // method - POST // url - http://localhost:4000/boards // query - {} // body - {"title":"Autotest board","columns":[{"title":"Backlog","order":1},{"title":"Sprint","order":2}]}
http: 01-10-2020 20:48:41 // method - POST // url - http://localhost:4000/boards // query - {} // body - {"title":"Autotest board","columns":[{"title":"Backlog","order":1},{"title":"Sprint","order":2}]}
http: 01-10-2020 20:48:41 // method - GET // url - http://localhost:4000/users // query - {} // body - {}
http: 01-10-2020 20:48:41 // method - POST // url - http://localhost:4000/boards/0efc1a39-d712-4078-ae23-caf046a58a5c/tasks // query - {} // body - {"title":"Autotest task","order":0,"description":"Lorem ipsum","userId":null,"boardId":null,"columnId":null}
http: 01-10-2020 20:48:41 // method - GET // url - http://localhost:4000/boards // query - {} // body - {}
http: 01-10-2020 20:48:41 // method - POST // url - http://localhost:4000/users // query - {} // body - {"name":"TEST_USER","login":"test_user","password":"T35t_P@55w0rd"}
http: 01-10-2020 20:48:41 // method - GET // url - http://localhost:4000/boards/0efc1a39-d712-4078-ae23-caf046a58a5c/tasks // query - {} // body - {}
http: 01-10-2020 20:48:41 // method - GET // url - http://localhost:4000/users/22bf00ad-4a78-4b3d-8ebb-552f5c75b8ff // query - {} // body - {}
http: 01-10-2020 20:48:41 // method - GET // url - http://localhost:4000/boards // query - {} // body - {}
http: 01-10-2020 20:48:41 // method - GET // url - http://localhost:4000/boards/0efc1a39-d712-4078-ae23-caf046a58a5c/tasks // query - {} // body - {}
http: 01-10-2020 20:48:41 // method - DELETE // url - http://localhost:4000/users/22bf00ad-4a78-4b3d-8ebb-552f5c75b8ff // query - {} // body - {}
http: 01-10-2020 20:48:41 // method - GET // url - http://localhost:4000/boards/0efc1a39-d712-4078-ae23-caf046a58a5c // query - {} // body - {}
http: 01-10-2020 20:48:41 // method - GET // url - http://localhost:4000/boards/0efc1a39-d712-4078-ae23-caf046a58a5c/tasks/9f2c8568-44e9-4780-bdc8-1321fbf6d2da // query - {} // body - {}
http: 01-10-2020 20:48:41 // method - POST // url - http://localhost:4000/users // query - {} // body - {"name":"TEST_USER","login":"test_user","password":"T35t_P@55w0rd"}
http: 01-10-2020 20:48:41 // method - POST // url - http://localhost:4000/boards // query - {} // body - {"title":"Autotest board","columns":[{"title":"Backlog","order":1},{"title":"Sprint","order":2}]}
http: 01-10-2020 20:48:41 // method - POST // url - http://localhost:4000/boards/0efc1a39-d712-4078-ae23-caf046a58a5c/tasks // query - {} // body - {"title":"Autotest task","order":0,"description":"Lorem ipsum","userId":null,"boardId":null,"columnId":null}
http: 01-10-2020 20:48:41 // method - DELETE // url - http://localhost:4000/users/ba91e71f-ba1d-4bbb-aa3c-18fc9ef50e5e // query - {} // body - {}
http: 01-10-2020 20:48:41 // method - DELETE // url - http://localhost:4000/boards/0efc1a39-d712-4078-ae23-caf046a58a5c/tasks/b4a4b820-a6f7-4571-8dee-c57306ba993b // query - {} // body - {}
http: 01-10-2020 20:48:41 // method - DELETE // url - http://localhost:4000/boards/98b2c894-2633-4599-a325-0e7f3496107d // query - {} // body - {}
http: 01-10-2020 20:48:41 // method - POST // url - http://localhost:4000/users // query - {} // body - {"name":"TEST_USER","login":"test_user","password":"T35t_P@55w0rd"}
http: 01-10-2020 20:48:41 // method - POST // url - http://localhost:4000/boards // query - {} // body - {"title":"Autotest board","columns":[{"title":"Backlog","order":1},{"title":"Sprint","order":2}]}
http: 01-10-2020 20:48:41 // method - POST // url - http://localhost:4000/boards/0efc1a39-d712-4078-ae23-caf046a58a5c/tasks // query - {} // body - {"title":"Autotest task","order":0,"description":"Lorem ipsum","userId":null,"boardId":null,"columnId":null}
http: 01-10-2020 20:48:41 // method - PUT // url - http://localhost:4000/users/0418c510-a1bf-4c4f-bce3-807400104dd2 // query - {} // body - {"name":"Autotest updated TEST_USER","login":"test_user","password":"T35t_P@55w0rd","id":"0418c510-a1bf-4c4f-bce3-807400104dd2"}
http: 01-10-2020 20:48:41 // method - PUT // url - http://localhost:4000/boards/c9172029-e4d2-4f2e-ab31-32b8011c0749 // query - {} // body - {"id":"c9172029-e4d2-4f2e-ab31-32b8011c0749","title":"Autotest updated board","columns":[{"id":"ba6019f6-4742-4702-af2f-a648d789955a","title":"Backlog","order":1},{"id":"a84dd6ec-29cd-4f66-a81b-bf51832984ea","title":"Sprint","order":2}]}
http: 01-10-2020 20:48:41 // method - PUT // url - http://localhost:4000/boards/0efc1a39-d712-4078-ae23-caf046a58a5c/tasks/e70488ad-c101-4ca1-8fa3-8f27f16092ef // query - {} // body - {"id":"e70488ad-c101-4ca1-8fa3-8f27f16092ef","title":"Autotest updated task","order":0,"description":"Lorem ipsum","userId":null,"boardId":"0efc1a39-d712-4078-ae23-caf046a58a5c","columnId":null}
http: 01-10-2020 20:48:41 // method - GET // url - http://localhost:4000/users/0418c510-a1bf-4c4f-bce3-807400104dd2 // query - {} // body - {}
http: 01-10-2020 20:48:41 // method - GET // url - http://localhost:4000/boards/c9172029-e4d2-4f2e-ab31-32b8011c0749 // query - {} // body - {}
http: 01-10-2020 20:48:41 // method - GET // url - http://localhost:4000/boards/0efc1a39-d712-4078-ae23-caf046a58a5c/tasks/e70488ad-c101-4ca1-8fa3-8f27f16092ef // query - {} // body - {}
http: 01-10-2020 20:48:41 // method - DELETE // url - http://localhost:4000/users/0418c510-a1bf-4c4f-bce3-807400104dd2 // query - {} // body - {}
http: 01-10-2020 20:48:41 // method - DELETE // url - http://localhost:4000/boards/c9172029-e4d2-4f2e-ab31-32b8011c0749 // query - {} // body - {}
http: 01-10-2020 20:48:41 // method - POST // url - http://localhost:4000/users // query - {} // body - {"name":"TEST_USER","login":"test_user","password":"T35t_P@55w0rd"}
http: 01-10-2020 20:48:41 // method - GET // url - http://localhost:4000/boards/0efc1a39-d712-4078-ae23-caf046a58a5c/tasks/9f2c8568-44e9-4780-bdc8-1321fbf6d2da // query - {} // body - {}
http: 01-10-2020 20:48:41 // method - DELETE // url - http://localhost:4000/users/b8d9bcfc-ef28-4104-bb9e-cbdac58d69ec // query - {} // body - {}
http: 01-10-2020 20:48:41 // method - DELETE // url - http://localhost:4000/boards/0efc1a39-d712-4078-ae23-caf046a58a5c/tasks/9f2c8568-44e9-4780-bdc8-1321fbf6d2da // query - {} // body - {}
http: 01-10-2020 20:48:41 // method - POST // url - http://localhost:4000/boards // query - {} // body - {"title":"Autotest board","columns":[{"title":"Backlog","order":1},{"title":"Sprint","order":2}]}
http: 01-10-2020 20:48:41 // method - POST // url - http://localhost:4000/users // query - {} // body - {"name":"TEST_USER","login":"test_user","password":"T35t_P@55w0rd"}
http: 01-10-2020 20:48:41 // method - GET // url - http://localhost:4000/boards/0efc1a39-d712-4078-ae23-caf046a58a5c/tasks/9f2c8568-44e9-4780-bdc8-1321fbf6d2da // query - {} // body - {}
error: 01-10-2020 20:48:41 // status - 404 // message - Task not found  // url - http://localhost:4000/boards/0efc1a39-d712-4078-ae23-caf046a58a5c/tasks/9f2c8568-44e9-4780-bdc8-1321fbf6d2da // query - {} // body - {}
http: 01-10-2020 20:48:41 // method - DELETE // url - http://localhost:4000/boards/0a7697e1-3a06-4e24-b0e3-0ba0640f9b12 // query - {} // body - {}
http: 01-10-2020 20:48:41 // method - POST // url - http://localhost:4000/boards // query - {} // body - {"title":"Autotest board","columns":[{"title":"Backlog","order":1},{"title":"Sprint","order":2}]}
http: 01-10-2020 20:48:41 // method - DELETE // url - http://localhost:4000/boards/0efc1a39-d712-4078-ae23-caf046a58a5c // query - {} // body - {}
http: 01-10-2020 20:48:41 // method - POST // url - http://localhost:4000/boards/9f6d137c-3436-48f2-9a5f-735456b2bcf7/tasks // query - {} // body - {"title":"Task #1","order":1,"description":"Lorem ipsum","userId":"32f47835-7c58-4205-b822-247ebc52f094","boardId":"9f6d137c-3436-48f2-9a5f-735456b2bcf7"}
http: 01-10-2020 20:48:41 // method - POST // url - http://localhost:4000/boards/9f6d137c-3436-48f2-9a5f-735456b2bcf7/tasks // query - {} // body - {"title":"Task #2","order":2,"description":"Lorem ipsum","userId":"32f47835-7c58-4205-b822-247ebc52f094","boardId":"9f6d137c-3436-48f2-9a5f-735456b2bcf7"}
http: 01-10-2020 20:48:41 // method - GET // url - http://localhost:4000/boards/0a7697e1-3a06-4e24-b0e3-0ba0640f9b12 // query - {} // body - {}
error: 01-10-2020 20:48:41 // status - 404 // message - Board not found  // url - http://localhost:4000/boards/0a7697e1-3a06-4e24-b0e3-0ba0640f9b12 // query - {} // body - {}
http: 01-10-2020 20:48:41 // method - DELETE // url - http://localhost:4000/users/32f47835-7c58-4205-b822-247ebc52f094 // query - {} // body - {}
http: 01-10-2020 20:48:41 // method - POST // url - http://localhost:4000/boards // query - {} // body - {"title":"Autotest board","columns":[{"title":"Backlog","order":1},{"title":"Sprint","order":2}]}
http: 01-10-2020 20:48:41 // method - GET // url - http://localhost:4000/boards/9f6d137c-3436-48f2-9a5f-735456b2bcf7/tasks/3707e9fe-8d44-42b7-b9a0-3bbda1324d75 // query - {} // body - {}
http: 01-10-2020 20:48:41 // method - GET // url - http://localhost:4000/boards/9f6d137c-3436-48f2-9a5f-735456b2bcf7/tasks/59ad6a65-5388-4164-bf3b-7fece5a79a27 // query - {} // body - {}
http: 01-10-2020 20:48:41 // method - POST // url - http://localhost:4000/boards/b9cce82d-3ccc-4f6c-88b6-75092c90250c/tasks // query - {} // body - {"title":"Task #1","order":1,"description":"Lorem ipsum","boardId":"b9cce82d-3ccc-4f6c-88b6-75092c90250c","userId":null,"columnId":null}
http: 01-10-2020 20:48:41 // method - POST // url - http://localhost:4000/boards/b9cce82d-3ccc-4f6c-88b6-75092c90250c/tasks // query - {} // body - {"title":"Task #2","order":2,"description":"Lorem ipsum","boardId":"b9cce82d-3ccc-4f6c-88b6-75092c90250c","userId":null,"columnId":null}
http: 01-10-2020 20:48:41 // method - POST // url - http://localhost:4000/boards/b9cce82d-3ccc-4f6c-88b6-75092c90250c/tasks // query - {} // body - {"title":"Task #3","order":3,"description":"Lorem ipsum","boardId":"b9cce82d-3ccc-4f6c-88b6-75092c90250c","userId":null,"columnId":null}
http: 01-10-2020 20:48:41 // method - POST // url - http://localhost:4000/boards/b9cce82d-3ccc-4f6c-88b6-75092c90250c/tasks // query - {} // body - {"title":"Task #4","order":4,"description":"Lorem ipsum","boardId":"b9cce82d-3ccc-4f6c-88b6-75092c90250c","userId":null,"columnId":null}
http: 01-10-2020 20:48:41 // method - POST // url - http://localhost:4000/boards/b9cce82d-3ccc-4f6c-88b6-75092c90250c/tasks // query - {} // body - {"title":"Task #5","order":5,"description":"Lorem ipsum","boardId":"b9cce82d-3ccc-4f6c-88b6-75092c90250c","userId":null,"columnId":null}
http: 01-10-2020 20:48:41 // method - DELETE // url - http://localhost:4000/boards/9f6d137c-3436-48f2-9a5f-735456b2bcf7/tasks/3707e9fe-8d44-42b7-b9a0-3bbda1324d75 // query - {} // body - {}
http: 01-10-2020 20:48:41 // method - DELETE // url - http://localhost:4000/boards/9f6d137c-3436-48f2-9a5f-735456b2bcf7/tasks/59ad6a65-5388-4164-bf3b-7fece5a79a27 // query - {} // body - {}
http: 01-10-2020 20:48:42 // method - GET // url - http://localhost:4000/boards/b9cce82d-3ccc-4f6c-88b6-75092c90250c/tasks/3ff5eb0d-2f47-424d-a717-93c229f752c2 // query - {} // body - {}
http: 01-10-2020 20:48:42 // method - GET // url - http://localhost:4000/boards/b9cce82d-3ccc-4f6c-88b6-75092c90250c/tasks/d3587342-f2a3-4df5-82b0-098d02a1470d // query - {} // body - {}
http: 01-10-2020 20:48:42 // method - GET // url - http://localhost:4000/boards/b9cce82d-3ccc-4f6c-88b6-75092c90250c/tasks/dd75dcbc-ce6a-49cd-97b0-9cfc873322f4 // query - {} // body - {}
http: 01-10-2020 20:48:42 // method - GET // url - http://localhost:4000/boards/b9cce82d-3ccc-4f6c-88b6-75092c90250c/tasks/729fc65a-1883-4865-a993-1826b4ff3c2b // query - {} // body - {}
http: 01-10-2020 20:48:42 // method - GET // url - http://localhost:4000/boards/b9cce82d-3ccc-4f6c-88b6-75092c90250c/tasks/b5c8ebdd-2aae-452a-a8da-25475a368540 // query - {} // body - {}
http: 01-10-2020 20:48:42 // method - DELETE // url - http://localhost:4000/boards/9f6d137c-3436-48f2-9a5f-735456b2bcf7 // query - {} // body - {}
http: 01-10-2020 20:48:42 // method - DELETE // url - http://localhost:4000/boards/b9cce82d-3ccc-4f6c-88b6-75092c90250c // query - {} // body - {}
http: 01-10-2020 20:48:42 // method - GET // url - http://localhost:4000/boards/b9cce82d-3ccc-4f6c-88b6-75092c90250c/tasks/3ff5eb0d-2f47-424d-a717-93c229f752c2 // query - {} // body - {}
error: 01-10-2020 20:48:42 // status - 404 // message - Task not found  // url - http://localhost:4000/boards/b9cce82d-3ccc-4f6c-88b6-75092c90250c/tasks/3ff5eb0d-2f47-424d-a717-93c229f752c2 // query - {} // body - {}
http: 01-10-2020 20:48:42 // method - GET // url - http://localhost:4000/boards/b9cce82d-3ccc-4f6c-88b6-75092c90250c/tasks/d3587342-f2a3-4df5-82b0-098d02a1470d // query - {} // body - {}
error: 01-10-2020 20:48:42 // status - 404 // message - Task not found  // url - http://localhost:4000/boards/b9cce82d-3ccc-4f6c-88b6-75092c90250c/tasks/d3587342-f2a3-4df5-82b0-098d02a1470d // query - {} // body - {}
http: 01-10-2020 20:48:42 // method - GET // url - http://localhost:4000/boards/b9cce82d-3ccc-4f6c-88b6-75092c90250c/tasks/dd75dcbc-ce6a-49cd-97b0-9cfc873322f4 // query - {} // body - {}
error: 01-10-2020 20:48:42 // status - 404 // message - Task not found  // url - http://localhost:4000/boards/b9cce82d-3ccc-4f6c-88b6-75092c90250c/tasks/dd75dcbc-ce6a-49cd-97b0-9cfc873322f4 // query - {} // body - {}
http: 01-10-2020 20:48:42 // method - GET // url - http://localhost:4000/boards/b9cce82d-3ccc-4f6c-88b6-75092c90250c/tasks/729fc65a-1883-4865-a993-1826b4ff3c2b // query - {} // body - {}
error: 01-10-2020 20:48:42 // status - 404 // message - Task not found  // url - http://localhost:4000/boards/b9cce82d-3ccc-4f6c-88b6-75092c90250c/tasks/729fc65a-1883-4865-a993-1826b4ff3c2b // query - {} // body - {}
http: 01-10-2020 20:48:42 // method - GET // url - http://localhost:4000/boards/b9cce82d-3ccc-4f6c-88b6-75092c90250c/tasks/b5c8ebdd-2aae-452a-a8da-25475a368540 // query - {} // body - {}
error: 01-10-2020 20:48:42 // status - 404 // message - Task not found  // url - http://localhost:4000/boards/b9cce82d-3ccc-4f6c-88b6-75092c90250c/tasks/b5c8ebdd-2aae-452a-a8da-25475a368540 // query - {} // body - {}
http: 01-10-2020 20:48:42 // method - DELETE // url - http://localhost:4000/boards/6e73595c-d03b-4977-bc95-32073791556e // query - {} // body - {}
